SF:lib/domain/models/absence/absence.dart
DA:18,4
LF:1
LH:1
end_of_record
SF:lib/domain/models/absence/absence_type.dart
DA:5,1
DA:6,1
DA:7,1
DA:9,1
DA:16,1
DA:18,1
DA:20,0
DA:22,0
LF:8
LH:6
end_of_record
SF:lib/domain/models/absence_with_member.dart
DA:16,3
LF:1
LH:1
end_of_record
SF:lib/domain/models/member/member.dart
DA:11,4
LF:1
LH:1
end_of_record
SF:lib/utils/i_cal_exporter.dart
DA:9,1
DA:11,1
DA:12,1
DA:13,1
DA:14,1
DA:16,3
DA:18,2
DA:19,1
DA:20,1
DA:22,2
DA:25,1
DA:26,4
DA:27,2
DA:28,4
DA:29,5
DA:30,5
DA:31,5
DA:33,2
DA:34,3
DA:37,1
DA:40,1
DA:41,1
DA:45,0
DA:46,0
DA:47,0
DA:48,0
DA:49,0
DA:53,1
DA:54,4
DA:55,3
DA:56,3
DA:59,1
DA:60,2
DA:61,3
DA:62,3
DA:63,3
LF:36
LH:31
end_of_record
SF:lib/core/result/result.dart
DA:2,2
DA:13,2
DA:18,0
DA:19,0
DA:24,2
DA:29,0
DA:30,0
LF:7
LH:3
end_of_record
SF:lib/core/result/result_extensions.dart
DA:6,1
DA:11,2
DA:12,1
DA:14,2
DA:15,1
LF:5
LH:5
end_of_record
SF:lib/domain/models/absence/absence_list.dart
DA:7,2
LF:1
LH:1
end_of_record
SF:lib/domain/models/absence_list_with_members.dart
DA:7,2
LF:1
LH:1
end_of_record
SF:lib/domain/use_cases/get_absences_with_members_use_case.dart
DA:22,1
DA:28,1
DA:35,2
DA:39,0
DA:40,0
DA:43,2
DA:45,4
DA:48,3
DA:50,2
DA:51,0
DA:52,1
DA:53,1
DA:55,3
DA:57,3
LF:14
LH:11
end_of_record
SF:lib/ui/absence/bloc/absence_bloc.dart
DA:18,3
DA:19,2
DA:20,2
DA:21,2
DA:24,1
DA:25,1
DA:27,2
DA:28,2
DA:30,1
DA:31,0
DA:32,0
DA:34,0
DA:35,0
DA:39,1
DA:40,3
DA:44,2
DA:47,1
DA:48,1
DA:51,1
DA:52,1
DA:53,1
DA:55,1
DA:56,3
DA:57,1
DA:60,1
DA:61,3
DA:66,1
DA:67,1
DA:69,1
DA:70,2
DA:72,2
DA:73,1
DA:74,1
DA:75,1
DA:76,1
DA:79,1
DA:80,1
DA:81,1
DA:82,2
DA:84,1
DA:87,4
DA:88,1
DA:91,0
DA:92,0
DA:98,1
DA:102,1
DA:103,1
DA:104,2
DA:107,3
DA:108,2
DA:109,1
DA:111,0
DA:112,0
DA:117,1
DA:123,1
DA:124,1
DA:128,1
DA:129,1
LF:58
LH:50
end_of_record
SF:lib/ui/absence/bloc/absence_event.dart
DA:6,0
DA:7,0
DA:14,1
DA:16,0
DA:17,0
DA:24,1
DA:26,0
DA:27,0
DA:33,1
DA:35,0
DA:36,0
LF:11
LH:3
end_of_record
SF:lib/ui/absence/bloc/absence_state.dart
DA:7,0
DA:8,0
DA:23,1
DA:34,1
DA:35,1
DA:36,1
DA:45,1
DA:55,1
DA:56,1
DA:57,1
DA:58,1
DA:59,1
DA:60,1
DA:61,1
DA:62,1
DA:63,1
DA:67,1
DA:68,1
DA:69,1
DA:70,1
DA:71,1
DA:72,1
DA:73,1
DA:74,1
DA:75,1
DA:76,1
DA:83,1
DA:85,1
DA:86,2
LF:29
LH:27
end_of_record
SF:lib/core/network/network_checker.dart
DA:13,0
DA:15,0
DA:17,0
DA:18,0
LF:4
LH:0
end_of_record
SF:lib/data/repositories/absence/absence_repository_impl.dart
DA:16,1
DA:24,1
DA:32,2
DA:33,2
DA:38,2
DA:42,0
DA:43,0
DA:47,6
DA:49,5
DA:52,2
DA:55,2
DA:56,0
DA:57,2
DA:58,2
DA:61,0
DA:62,0
DA:65,1
DA:67,3
DA:69,1
DA:70,1
DA:71,5
DA:76,2
DA:77,1
DA:78,1
DA:79,5
LF:25
LH:20
end_of_record
SF:lib/data/services/api/absence_remote_service.dart
DA:8,1
DA:10,1
DA:17,1
DA:18,2
DA:19,2
DA:20,0
DA:21,0
DA:22,0
DA:25,1
DA:27,2
DA:28,5
DA:29,1
LF:12
LH:9
end_of_record
SF:lib/data/services/api/model/absence/absence_api_model.dart
DA:24,2
LF:1
LH:1
end_of_record
SF:lib/data/services/api/model/absence/absence_api_model.g.dart
DA:9,1
DA:10,1
DA:11,2
DA:12,2
DA:13,1
DA:14,1
DA:15,1
DA:16,1
DA:17,1
DA:18,1
DA:19,1
DA:20,1
DA:21,1
DA:22,1
DA:23,1
DA:26,0
DA:27,0
DA:28,0
DA:29,0
DA:30,0
DA:31,0
DA:32,0
DA:33,0
DA:34,0
DA:35,0
DA:36,0
DA:37,0
DA:38,0
DA:39,0
DA:40,0
LF:30
LH:15
end_of_record
SF:lib/data/services/local/absence_local_service.dart
DA:8,0
DA:9,0
DA:10,0
DA:11,0
DA:12,0
DA:15,0
DA:19,0
DA:20,0
DA:21,0
DA:22,0
LF:10
LH:0
end_of_record
SF:lib/data/services/local/model/absence/absence_cache_model.dart
DA:31,1
LF:1
LH:1
end_of_record
SF:lib/data/services/local/model/absence/absence_cache_model.g.dart
DA:13,0
DA:15,0
DA:16,0
DA:17,0
DA:19,0
DA:20,0
DA:21,0
DA:22,0
DA:23,0
DA:24,0
DA:25,0
DA:26,0
DA:27,0
DA:30,0
DA:33,0
DA:34,0
DA:35,0
DA:36,0
DA:37,0
DA:38,0
DA:39,0
DA:40,0
DA:41,0
DA:42,0
DA:43,0
DA:44,0
DA:45,0
DA:46,0
DA:47,0
DA:48,0
DA:49,0
DA:52,0
DA:53,0
DA:55,0
DA:58,0
DA:59,0
DA:60,0
LF:37
LH:0
end_of_record
SF:lib/data/services/api/mappers/absence_api_mapper.dart
DA:8,1
DA:9,1
DA:10,1
DA:11,1
DA:12,2
DA:13,2
DA:14,2
DA:15,1
DA:16,1
DA:17,2
DA:22,1
DA:23,0
DA:24,1
DA:26,1
LF:14
LH:13
end_of_record
SF:lib/data/services/local/mappers/absence_cache_mapper.dart
DA:7,1
DA:8,1
DA:9,2
DA:10,2
DA:11,2
DA:12,2
DA:13,2
DA:14,2
DA:15,2
DA:16,2
DA:23,1
DA:24,1
DA:25,1
DA:26,1
DA:27,1
DA:28,1
DA:29,1
DA:30,1
DA:31,1
DA:32,1
LF:20
LH:20
end_of_record
SF:lib/core/network/http_client.dart
DA:9,0
DA:11,0
DA:12,0
DA:14,0
DA:15,0
DA:17,0
DA:21,0
DA:22,0
DA:23,0
DA:25,0
DA:26,0
DA:28,0
DA:32,0
DA:33,0
DA:41,0
DA:43,0
DA:44,0
LF:17
LH:0
end_of_record
SF:lib/data/repositories/member/member_repository_impl.dart
DA:16,1
DA:24,1
DA:26,2
DA:31,2
DA:34,6
DA:36,4
DA:39,2
DA:40,5
DA:44,2
DA:45,5
LF:10
LH:10
end_of_record
SF:lib/data/services/api/member_remote_service.dart
DA:8,1
DA:10,1
DA:11,2
DA:13,1
DA:14,4
DA:16,1
LF:6
LH:6
end_of_record
SF:lib/data/services/api/model/member/member_api_model.dart
DA:11,2
LF:1
LH:1
end_of_record
SF:lib/data/services/api/model/member/member_api_model.g.dart
DA:9,1
DA:10,1
DA:11,2
DA:12,1
DA:13,1
DA:14,2
DA:15,2
DA:18,0
DA:19,0
DA:20,0
DA:21,0
DA:22,0
DA:23,0
DA:24,0
LF:14
LH:7
end_of_record
SF:lib/data/services/local/member_local_service.dart
DA:8,0
DA:9,0
DA:10,0
DA:11,0
DA:12,0
DA:15,0
DA:19,0
DA:20,0
DA:21,0
DA:22,0
LF:10
LH:0
end_of_record
SF:lib/data/services/local/model/member/member_cache_model.g.dart
DA:13,0
DA:15,0
DA:16,0
DA:17,0
DA:19,0
DA:20,0
DA:21,0
DA:22,0
DA:26,0
DA:29,0
DA:30,0
DA:31,0
DA:32,0
DA:33,0
DA:34,0
DA:35,0
DA:38,0
DA:39,0
DA:41,0
DA:44,0
DA:45,0
DA:46,0
LF:22
LH:0
end_of_record
SF:lib/data/services/local/model/member/member_cache_model.dart
DA:16,1
LF:1
LH:1
end_of_record
SF:lib/data/services/api/mappers/member_api_mapper.dart
DA:7,1
DA:8,4
LF:2
LH:2
end_of_record
SF:lib/data/services/local/mappers/member_cache_mapper.dart
DA:7,1
DA:8,4
DA:15,1
DA:16,4
LF:4
LH:4
end_of_record
